<?xml version="1.0" encoding="UTF-8"?>
<!-- Generated by org.testng.reporters.JUnitReportReporter -->
<testsuite hostname="DESKTOP-C6FREFO" name="com.DemoWebShop.tests.TC_SHOPPINGCART_011" tests="2" failures="0" timestamp="19 Oct 2021 12:26:49 GMT" time="15.419" errors="0">
  <testcase name="testcase11" time="10.531" classname="com.DemoWebShop.tests.TC_SHOPPINGCART_011"/>
  <testcase name="testcase11" time="4.888" classname="com.DemoWebShop.tests.TC_SHOPPINGCART_011"/>
</testsuite> <!-- com.DemoWebShop.tests.TC_SHOPPINGCART_011 -->
