<?xml version="1.0" encoding="UTF-8"?>
<!-- Generated by org.testng.reporters.JUnitReportReporter -->
<testsuite hostname="DESKTOP-C6FREFO" name="com.DemoWebShop.tests.TC_SHOPPINGCART_014" tests="1" failures="0" timestamp="19 Oct 2021 12:26:49 GMT" time="9.435" errors="0">
  <testcase name="testcase14" time="9.435" classname="com.DemoWebShop.tests.TC_SHOPPINGCART_014"/>
</testsuite> <!-- com.DemoWebShop.tests.TC_SHOPPINGCART_014 -->
