<?xml version="1.0" encoding="UTF-8"?>
<!-- Generated by org.testng.reporters.JUnitReportReporter -->
<testsuite hostname="DESKTOP-C6FREFO" name="com.DemoWebShop.tests.TC_REGISTER_004" tests="2" failures="0" timestamp="19 Oct 2021 12:26:49 GMT" time="5.132" errors="0">
  <testcase name="testcase4" time="3.632" classname="com.DemoWebShop.tests.TC_REGISTER_004"/>
  <testcase name="testcase4" time="1.500" classname="com.DemoWebShop.tests.TC_REGISTER_004"/>
</testsuite> <!-- com.DemoWebShop.tests.TC_REGISTER_004 -->
