<?xml version="1.0" encoding="UTF-8"?>
<!-- Generated by org.testng.reporters.JUnitReportReporter -->
<testsuite hostname="LAPTOP-4L2HOUV8" failures="0" tests="1" name="com.mercurytours.tests.GoogleSearch" time="4.351" errors="0" timestamp="2021-01-20T01:10:49 IST" skipped="0">
  <testcase classname="com.mercurytours.tests.GoogleSearch" name="TC01" time="4.351"/>
  <system-out/>
</testsuite> <!-- com.mercurytours.tests.GoogleSearch -->
