<?xml version="1.0" encoding="UTF-8"?>
<!-- Generated by org.testng.reporters.JUnitReportReporter -->
<testsuite hostname="DESKTOP-C6FREFO" name="com.DemoWebShop.tests.TC_REGISTER_002" tests="2" failures="0" timestamp="19 Oct 2021 12:26:49 GMT" time="8.937" errors="0">
  <testcase name="testcase2" time="5.427" classname="com.DemoWebShop.tests.TC_REGISTER_002"/>
  <testcase name="testcase2" time="3.510" classname="com.DemoWebShop.tests.TC_REGISTER_002"/>
</testsuite> <!-- com.DemoWebShop.tests.TC_REGISTER_002 -->
