<?xml version="1.0" encoding="UTF-8"?>
<!-- Generated by org.testng.reporters.JUnitReportReporter -->
<testsuite hostname="DESKTOP-C6FREFO" name="com.DemoWebShop.tests.TC_LOGIN_007" tests="3" failures="0" timestamp="19 Oct 2021 12:26:49 GMT" time="15.383" errors="0">
  <testcase name="testCase7" time="7.667" classname="com.DemoWebShop.tests.TC_LOGIN_007"/>
  <testcase name="testCase7" time="3.772" classname="com.DemoWebShop.tests.TC_LOGIN_007"/>
  <testcase name="testCase7" time="3.944" classname="com.DemoWebShop.tests.TC_LOGIN_007"/>
</testsuite> <!-- com.DemoWebShop.tests.TC_LOGIN_007 -->
