<?xml version="1.0" encoding="UTF-8"?>
<!-- Generated by org.testng.reporters.JUnitReportReporter -->
<testsuite hostname="DESKTOP-C6FREFO" name="com.DemoWebShop.tests.TC_REGISTER_001" tests="1" failures="0" timestamp="19 Oct 2021 12:26:49 GMT" time="6.006" errors="0">
  <testcase name="testcase1" time="6.006" classname="com.DemoWebShop.tests.TC_REGISTER_001"/>
</testsuite> <!-- com.DemoWebShop.tests.TC_REGISTER_001 -->
