<?xml version="1.0" encoding="UTF-8"?>
<!-- Generated by org.testng.reporters.JUnitReportReporter -->
<testsuite hostname="LAPTOP-4L2HOUV8" failures="0" tests="2" name="com.mercurytours.tests.MercuryTours_TC01" time="3.124" errors="0" timestamp="2021-01-20T00:14:08 IST" skipped="0">
  <testcase classname="com.mercurytours.tests.MercuryTours_TC01" name="TC01" time="0.961"/>
  <system-out/>
  <testcase classname="com.mercurytours.tests.MercuryTours_TC01" name="TC01" time="2.163"/>
  <system-out/>
</testsuite> <!-- com.mercurytours.tests.MercuryTours_TC01 -->
