<?xml version="1.0" encoding="UTF-8"?>
<!-- Generated by org.testng.reporters.JUnitReportReporter -->
<testsuite hostname="DESKTOP-C6FREFO" name="com.DemoWebShop.tests.TC_SHOPPINGCART_013" tests="2" failures="0" timestamp="19 Oct 2021 12:26:49 GMT" time="12.606" errors="0">
  <testcase name="testCase13" time="2.281" classname="com.DemoWebShop.tests.TC_SHOPPINGCART_013"/>
  <testcase name="testCase13" time="10.325" classname="com.DemoWebShop.tests.TC_SHOPPINGCART_013"/>
</testsuite> <!-- com.DemoWebShop.tests.TC_SHOPPINGCART_013 -->
