<?xml version="1.0" encoding="UTF-8"?>
<!-- Generated by org.testng.reporters.JUnitReportReporter -->
<testsuite hostname="DESKTOP-C6FREFO" name="com.DemoWebShop.tests.TC_SHOPPINGCART_012" tests="1" failures="0" timestamp="19 Oct 2021 12:26:49 GMT" time="3.400" errors="0">
  <testcase name="testcase12" time="3.400" classname="com.DemoWebShop.tests.TC_SHOPPINGCART_012"/>
</testsuite> <!-- com.DemoWebShop.tests.TC_SHOPPINGCART_012 -->
